Arguments: 
  /usr/local/bin/node /usr/local/Cellar/yarn/1.22.10/libexec/bin/yarn.js webpack --config /Users/vidya/Documents/Projects/cm-admin/config/webpack/production.js

PATH: 
  /Users/vidya/.rbenv/versions/2.6.3/lib/ruby/gems/2.6.0/bin:/Users/vidya/.rbenv/versions/2.6.3/bin:/usr/local/Cellar/rbenv/1.1.2/libexec:/Users/vidya/.pyenv/shims:/usr/local/opt/php@7.0/sbin:/usr/local/opt/php@7.0/bin:/Users/vidya/.rbenv/shims:/Users/vidya/.rbenv/bin:/usr/local/bin:/usr/bin:/bin:/usr/sbin:/sbin

Yarn version: 
  1.22.10

Node version: 
  12.13.1

Platform: 
  darwin x64

Trace: 
  SyntaxError: /Users/vidya/Documents/Projects/cm-admin/package.json: Unexpected token } in JSON at position 192
      at JSON.parse (<anonymous>)
      at /usr/local/Cellar/yarn/1.22.10/libexec/lib/cli.js:1625:59
      at Generator.next (<anonymous>)
      at step (/usr/local/Cellar/yarn/1.22.10/libexec/lib/cli.js:310:30)
      at /usr/local/Cellar/yarn/1.22.10/libexec/lib/cli.js:321:13

npm manifest: 
  {
    "name": "cm-admin",
    "private": true,
    "dependencies": {
      "@rails/activestorage": "^6.0.0",
      "@rails/ujs": "^6.0.0",
      "@rails/webpacker": "5.3.0",
      "turbolinks": "^5.2.0",
    },
    "version": "0.1.0",
    "devDependencies": {
      "webpack-dev-server": "^3.11.2"
    }
  }

yarn manifest: 
  No manifest

Lockfile: 
  No lockfile
